<?xml version="1.0" encoding="UTF-8"?>
<!-- Generated by org.testng.reporters.JUnitReportReporter -->
<testsuite hostname="Dinesh-Laptop" failures="0" tests="1" name="CollectBot.LoginUsinghashmap" time="1.939" errors="0" timestamp="2023-11-16T16:18:51 IST" skipped="0">
  <testcase classname="CollectBot.LoginUsinghashmap" name="login" time="1.939"/>
</testsuite> <!-- CollectBot.LoginUsinghashmap -->
