<?xml version="1.0" encoding="UTF-8"?>
<!-- Generated by org.testng.reporters.JUnitReportReporter -->
<testsuite hostname="Dinesh-Laptop" failures="0" tests="1" name="CollectBot.LoginWithJsonObjectMethod" time="1.661" errors="0" timestamp="2023-11-16T16:42:28 IST" skipped="0">
  <testcase classname="CollectBot.LoginWithJsonObjectMethod" name="login" time="1.661"/>
</testsuite> <!-- CollectBot.LoginWithJsonObjectMethod -->
