<?xml version="1.0" encoding="UTF-8"?>
<!-- Generated by org.testng.reporters.JUnitReportReporter -->
<testsuite hostname="Dinesh-Laptop" failures="0" tests="1" name="CollectBot.LoginWithPojo" time="1.976" errors="0" timestamp="2023-11-16T16:53:19 IST" skipped="0">
  <testcase classname="CollectBot.LoginWithPojo" name="login" time="1.976"/>
</testsuite> <!-- CollectBot.LoginWithPojo -->
