<?xml version="1.0" encoding="UTF-8"?>
<!-- Generated by org.testng.reporters.JUnitReportReporter -->
<testsuite hostname="Dinesh-Laptop" failures="0" tests="1" name="a.listClient" time="1.053" errors="0" timestamp="2023-11-16T15:53:26 IST" skipped="0">
  <testcase classname="a.listClient" name="list" time="1.053"/>
</testsuite> <!-- a.listClient -->
