<?xml version="1.0" encoding="UTF-8"?>
<!-- Generated by org.testng.reporters.JUnitReportReporter -->
<testsuite hostname="Dinesh-Laptop" failures="0" tests="1" name="settlement.TransactionUpdate" time="3.545" errors="0" timestamp="2024-10-04T17:20:59 IST" skipped="0">
  <testcase classname="settlement.TransactionUpdate" name="statusUpdate" time="3.545"/>
</testsuite> <!-- settlement.TransactionUpdate -->
